<?xml version="1.0" encoding="UTF-8"?>
<!-- Generated by org.testng.reporters.JUnitReportReporter -->
<testsuite skipped="0" hostname="praveen-HP" name="Framework.ParameterExample" tests="1" failures="0" timestamp="21 May 2019 16:34:47 GMT" time="0.023" errors="0">
  <testcase name="printname" time="0.023" classname="Framework.ParameterExample"/>
</testsuite> <!-- Framework.ParameterExample -->
