<?xml version="1.0" encoding="UTF-8"?>
<!-- Generated by org.testng.reporters.JUnitReportReporter -->
<testsuite skipped="1" hostname="praveen-HP" name="Framework.testngannot" tests="3" failures="0" timestamp="28 Aug 2019 05:16:09 GMT" time="0.018" errors="0">
  <testcase name="test" time="0.014" classname="Framework.testngannot"/>
  <testcase name="test1" time="0.004" classname="Framework.testngannot"/>
  <testcase name="test2" classname="Framework.testngannot">
    <skipped/>
  </testcase> <!-- test2 -->
</testsuite> <!-- Framework.testngannot -->
