<?xml version="1.0" encoding="UTF-8"?>
<!-- Generated by org.testng.reporters.JUnitReportReporter -->
<testsuite skipped="0" hostname="praveen-HP" name="Framework.DependenciesExample" tests="3" failures="0" timestamp="21 May 2019 10:40:33 GMT" time="0.009" errors="0">
  <testcase name="college" time="0.002" classname="Framework.DependenciesExample"/>
  <testcase name="degree" time="0.002" classname="Framework.DependenciesExample"/>
  <testcase name="highschool" time="0.005" classname="Framework.DependenciesExample"/>
</testsuite> <!-- Framework.DependenciesExample -->
