<?xml version="1.0" encoding="UTF-8"?>
<!-- Generated by org.testng.reporters.JUnitReportReporter -->
<testsuite skipped="0" hostname="praveen-HP" name="Framework.GroupingExample" tests="4" failures="0" timestamp="21 May 2019 16:20:55 GMT" time="0.039" errors="0">
  <testcase name="banana" time="0.003" classname="Framework.GroupingExample"/>
  <testcase name="apple1" time="0.004" classname="Framework.GroupingExample"/>
  <testcase name="banana1" time="0.012" classname="Framework.GroupingExample"/>
  <testcase name="apple" time="0.020" classname="Framework.GroupingExample"/>
</testsuite> <!-- Framework.GroupingExample -->
